# JRE version: OpenJDK Runtime Environment Temurin-21.0.9+10 (21.0.9+10) (build 21.0.9+10-LTS)
# Java VM: OpenJDK 64-Bit Server VM Temurin-21.0.9+10 (21.0.9+10-LTS, mixed mode, sharing, tiered, compressed oops, compressed class ptrs, parallel gc, windows-amd64)
GC Precious Log:
 CardTable entry size: 512
 CPUs: 4 total, 4 available
 Memory: 6082M
 Large Page Support: Disabled
 NUMA Support: Disabled
 Compressed Oops: Enabled (32-bit)
 Alignments: Space 512K, Generation 512K, Heap 2M
 Heap Min Capacity: 100M
 Heap Initial Capacity: 100M
 Heap Max Capacity: 2G
 Pre-touch: Disabled
 Parallel Workers: 4
Heap:
 PSYoungGen      total 3072K, used 2413K [0x00000000d5580000, 0x00000000d5a80000, 0x0000000100000000)
  eden space 2560K, 89% used [0x00000000d5580000,0x00000000d57bb718,0x00000000d5800000)
  from space 512K, 25% used [0x00000000d5a00000,0x00000000d5a20000,0x00000000d5a80000)
  to   space 512K, 0% used [0x00000000d5980000,0x00000000d5980000,0x00000000d5a00000)
 ParOldGen       total 633856K, used 174352K [0x0000000080000000, 0x00000000a6b00000, 0x00000000d5580000)
  object space 633856K, 27% used [0x0000000080000000,0x000000008aa442d8,0x00000000a6b00000)
 Metaspace       used 86233K, committed 87936K, reserved 1179648K
  class space    used 8842K, committed 9600K, reserved 1048576K
GC Heap History (20 events):
Event: 1390.867 GC heap before
{Heap before GC invocations=2360 (full 5):
 PSYoungGen      total 1536K, used 1524K [0x00000000d5580000, 0x00000000d6080000, 0x0000000100000000)
  eden space 512K, 100% used [0x00000000d5580000,0x00000000d5600000,0x00000000d5600000)
  from space 1024K, 98% used [0x00000000d5980000,0x00000000d5a7d330,0x00000000d5a80000)
  to   space 3584K, 0% used [0x00000000d5600000,0x00000000d5600000,0x00000000d5980000)
 ParOldGen       total 633856K, used 165678K [0x0000000080000000, 0x00000000a6b00000, 0x00000000d5580000)
  object space 633856K, 26% used [0x0000000080000000,0x000000008a1cba48,0x00000000a6b00000)
 Metaspace       used 86191K, committed 87936K, reserved 1179648K
  class space    used 8842K, committed 9600K, reserved 1048576K
}
Event: 1390.872 GC heap after
{Heap after GC invocations=2360 (full 5):
 PSYoungGen      total 1024K, used 512K [0x00000000d5580000, 0x00000000d5a80000, 0x0000000100000000)
  eden space 512K, 0% used [0x00000000d5580000,0x00000000d5580000,0x00000000d5600000)
  from space 512K, 100% used [0x00000000d5600000,0x00000000d5680000,0x00000000d5680000)
  to   space 2048K, 0% used [0x00000000d5880000,0x00000000d5880000,0x00000000d5a80000)
 ParOldGen       total 633856K, used 166715K [0x0000000080000000, 0x00000000a6b00000, 0x00000000d5580000)
  object space 633856K, 26% used [0x0000000080000000,0x000000008a2ced78,0x00000000a6b00000)
 Metaspace       used 86191K, committed 87936K, reserved 1179648K
  class space    used 8842K, committed 9600K, reserved 1048576K
}
Event: 1390.874 GC heap before
{Heap before GC invocations=2361 (full 5):
 PSYoungGen      total 1024K, used 1024K [0x00000000d5580000, 0x00000000d5a80000, 0x0000000100000000)
  eden space 512K, 100% used [0x00000000d5580000,0x00000000d5600000,0x00000000d5600000)
  from space 512K, 100% used [0x00000000d5600000,0x00000000d5680000,0x00000000d5680000)
  to   space 2048K, 0% used [0x00000000d5880000,0x00000000d5880000,0x00000000d5a80000)
 ParOldGen       total 633856K, used 166715K [0x0000000080000000, 0x00000000a6b00000, 0x00000000d5580000)
  object space 633856K, 26% used [0x0000000080000000,0x000000008a2ced78,0x00000000a6b00000)
 Metaspace       used 86191K, committed 87936K, reserved 1179648K
  class space    used 8842K, committed 9600K, reserved 1048576K
}
Event: 1390.879 GC heap after
{Heap after GC invocations=2361 (full 5):
 PSYoungGen      total 2048K, used 544K [0x00000000d5580000, 0x00000000d5980000, 0x0000000100000000)
  eden space 1024K, 0% used [0x00000000d5580000,0x00000000d5580000,0x00000000d5680000)
  from space 1024K, 53% used [0x00000000d5880000,0x00000000d5908000,0x00000000d5980000)
  to   space 1024K, 0% used [0x00000000d5780000,0x00000000d5780000,0x00000000d5880000)
 ParOldGen       total 633856K, used 167187K [0x0000000080000000, 0x00000000a6b00000, 0x00000000d5580000)
  object space 633856K, 26% used [0x0000000080000000,0x000000008a344d78,0x00000000a6b00000)
 Metaspace       used 86191K, committed 87936K, reserved 1179648K
  class space    used 8842K, committed 9600K, reserved 1048576K
}
Event: 1390.899 GC heap before
{Heap before GC invocations=2362 (full 5):
 PSYoungGen      total 2048K, used 1567K [0x00000000d5580000, 0x00000000d5980000, 0x0000000100000000)
  eden space 1024K, 99% used [0x00000000d5580000,0x00000000d567fff0,0x00000000d5680000)
  from space 1024K, 53% used [0x00000000d5880000,0x00000000d5908000,0x00000000d5980000)
  to   space 1024K, 0% used [0x00000000d5780000,0x00000000d5780000,0x00000000d5880000)
 ParOldGen       total 633856K, used 167187K [0x0000000080000000, 0x00000000a6b00000, 0x00000000d5580000)
  object space 633856K, 26% used [0x0000000080000000,0x000000008a344d78,0x00000000a6b00000)
 Metaspace       used 86191K, committed 87936K, reserved 1179648K
  class space    used 8842K, committed 9600K, reserved 1048576K
}
Event: 1390.907 GC heap after
{Heap after GC invocations=2362 (full 5):
 PSYoungGen      total 2560K, used 1024K [0x00000000d5580000, 0x00000000d5b00000, 0x0000000100000000)
  eden space 1536K, 0% used [0x00000000d5580000,0x00000000d5580000,0x00000000d5700000)
  from space 1024K, 100% used [0x00000000d5780000,0x00000000d5880000,0x00000000d5880000)
  to   space 2048K, 0% used [0x00000000d5900000,0x00000000d5900000,0x00000000d5b00000)
 ParOldGen       total 633856K, used 167675K [0x0000000080000000, 0x00000000a6b00000, 0x00000000d5580000)
  object space 633856K, 26% used [0x0000000080000000,0x000000008a3bed78,0x00000000a6b00000)
 Metaspace       used 86191K, committed 87936K, reserved 1179648K
  class space    used 8842K, committed 9600K, reserved 1048576K
}
Event: 1390.927 GC heap before
{Heap before GC invocations=2363 (full 5):
 PSYoungGen      total 2560K, used 2463K [0x00000000d5580000, 0x00000000d5b00000, 0x0000000100000000)
  eden space 1536K, 93% used [0x00000000d5580000,0x00000000d56e7db0,0x00000000d5700000)
  from space 1024K, 100% used [0x00000000d5780000,0x00000000d5880000,0x00000000d5880000)
  to   space 2048K, 0% used [0x00000000d5900000,0x00000000d5900000,0x00000000d5b00000)
 ParOldGen       total 633856K, used 167675K [0x0000000080000000, 0x00000000a6b00000, 0x00000000d5580000)
  object space 633856K, 26% used [0x0000000080000000,0x000000008a3bed78,0x00000000a6b00000)
 Metaspace       used 86191K, committed 87936K, reserved 1179648K
  class space    used 8842K, committed 9600K, reserved 1048576K
}
Event: 1390.949 GC heap after
{Heap after GC invocations=2363 (full 5):
 PSYoungGen      total 3584K, used 1093K [0x00000000d5580000, 0x00000000d5a80000, 0x0000000100000000)
  eden space 2048K, 0% used [0x00000000d5580000,0x00000000d5580000,0x00000000d5780000)
  from space 1536K, 71% used [0x00000000d5900000,0x00000000d5a11400,0x00000000d5a80000)
  to   space 1536K, 0% used [0x00000000d5780000,0x00000000d5780000,0x00000000d5900000)
 ParOldGen       total 633856K, used 168683K [0x0000000080000000, 0x00000000a6b00000, 0x00000000d5580000)
  object space 633856K, 26% used [0x0000000080000000,0x000000008a4bad78,0x00000000a6b00000)
 Metaspace       used 86191K, committed 87936K, reserved 1179648K
  class space    used 8842K, committed 9600K, reserved 1048576K
}
Event: 1391.018 GC heap before
{Heap before GC invocations=2364 (full 5):
 PSYoungGen      total 3584K, used 3141K [0x00000000d5580000, 0x00000000d5a80000, 0x0000000100000000)
  eden space 2048K, 100% used [0x00000000d5580000,0x00000000d5780000,0x00000000d5780000)
  from space 1536K, 71% used [0x00000000d5900000,0x00000000d5a11400,0x00000000d5a80000)
  to   space 1536K, 0% used [0x00000000d5780000,0x00000000d5780000,0x00000000d5900000)
 ParOldGen       total 633856K, used 168683K [0x0000000080000000, 0x00000000a6b00000, 0x00000000d5580000)
  object space 633856K, 26% used [0x0000000080000000,0x000000008a4bad78,0x00000000a6b00000)
 Metaspace       used 86191K, committed 87936K, reserved 1179648K
  class space    used 8842K, committed 9600K, reserved 1048576K
}
Event: 1391.026 GC heap after
{Heap after GC invocations=2364 (full 5):
 PSYoungGen      total 3584K, used 1531K [0x00000000d5580000, 0x00000000d5e00000, 0x0000000100000000)
  eden space 2048K, 0% used [0x00000000d5580000,0x00000000d5580000,0x00000000d5780000)
  from space 1536K, 99% used [0x00000000d5780000,0x00000000d58feeb0,0x00000000d5900000)
  to   space 3072K, 0% used [0x00000000d5b00000,0x00000000d5b00000,0x00000000d5e00000)
 ParOldGen       total 633856K, used 169893K [0x0000000080000000, 0x00000000a6b00000, 0x00000000d5580000)
  object space 633856K, 26% used [0x0000000080000000,0x000000008a5e9428,0x00000000a6b00000)
 Metaspace       used 86191K, committed 87936K, reserved 1179648K
  class space    used 8842K, committed 9600K, reserved 1048576K
}
Event: 1391.057 GC heap before
{Heap before GC invocations=2365 (full 5):
 PSYoungGen      total 3584K, used 3579K [0x00000000d5580000, 0x00000000d5e00000, 0x0000000100000000)
  eden space 2048K, 100% used [0x00000000d5580000,0x00000000d5780000,0x00000000d5780000)
  from space 1536K, 99% used [0x00000000d5780000,0x00000000d58feeb0,0x00000000d5900000)
  to   space 3072K, 0% used [0x00000000d5b00000,0x00000000d5b00000,0x00000000d5e00000)
 ParOldGen       total 633856K, used 169893K [0x0000000080000000, 0x00000000a6b00000, 0x00000000d5580000)
  object space 633856K, 26% used [0x0000000080000000,0x000000008a5e9428,0x00000000a6b00000)
 Metaspace       used 86191K, committed 87936K, reserved 1179648K
  class space    used 8842K, committed 9600K, reserved 1048576K
}
Event: 1391.064 GC heap after
{Heap after GC invocations=2365 (full 5):
 PSYoungGen      total 4608K, used 2048K [0x00000000d5580000, 0x00000000d5d00000, 0x0000000100000000)
  eden space 2560K, 0% used [0x00000000d5580000,0x00000000d5580000,0x00000000d5800000)
  from space 2048K, 100% used [0x00000000d5b00000,0x00000000d5d00000,0x00000000d5d00000)
  to   space 2560K, 0% used [0x00000000d5800000,0x00000000d5800000,0x00000000d5a80000)
 ParOldGen       total 633856K, used 171440K [0x0000000080000000, 0x00000000a6b00000, 0x00000000d5580000)
  object space 633856K, 27% used [0x0000000080000000,0x000000008a76c2d8,0x00000000a6b00000)
 Metaspace       used 86191K, committed 87936K, reserved 1179648K
  class space    used 8842K, committed 9600K, reserved 1048576K
}
Event: 1391.151 GC heap before
{Heap before GC invocations=2366 (full 5):
 PSYoungGen      total 4608K, used 4608K [0x00000000d5580000, 0x00000000d5d00000, 0x0000000100000000)
  eden space 2560K, 100% used [0x00000000d5580000,0x00000000d5800000,0x00000000d5800000)
  from space 2048K, 100% used [0x00000000d5b00000,0x00000000d5d00000,0x00000000d5d00000)
  to   space 2560K, 0% used [0x00000000d5800000,0x00000000d5800000,0x00000000d5a80000)
 ParOldGen       total 633856K, used 171440K [0x0000000080000000, 0x00000000a6b00000, 0x00000000d5580000)
  object space 633856K, 27% used [0x0000000080000000,0x000000008a76c2d8,0x00000000a6b00000)
 Metaspace       used 86191K, committed 87936K, reserved 1179648K
  class space    used 8842K, committed 9600K, reserved 1048576K
}
Event: 1391.161 GC heap after
{Heap after GC invocations=2366 (full 5):
 PSYoungGen      total 3584K, used 912K [0x00000000d5580000, 0x00000000d5b80000, 0x0000000100000000)
  eden space 2560K, 0% used [0x00000000d5580000,0x00000000d5580000,0x00000000d5800000)
  from space 1024K, 89% used [0x00000000d5800000,0x00000000d58e4000,0x00000000d5900000)
  to   space 1536K, 0% used [0x00000000d5a00000,0x00000000d5a00000,0x00000000d5b80000)
 ParOldGen       total 633856K, used 173448K [0x0000000080000000, 0x00000000a6b00000, 0x00000000d5580000)
  object space 633856K, 27% used [0x0000000080000000,0x000000008a9622d8,0x00000000a6b00000)
 Metaspace       used 86191K, committed 87936K, reserved 1179648K
  class space    used 8842K, committed 9600K, reserved 1048576K
}
Event: 1393.224 GC heap before
{Heap before GC invocations=2367 (full 5):
 PSYoungGen      total 3584K, used 3472K [0x00000000d5580000, 0x00000000d5b80000, 0x0000000100000000)
  eden space 2560K, 100% used [0x00000000d5580000,0x00000000d5800000,0x00000000d5800000)
  from space 1024K, 89% used [0x00000000d5800000,0x00000000d58e4000,0x00000000d5900000)
  to   space 1536K, 0% used [0x00000000d5a00000,0x00000000d5a00000,0x00000000d5b80000)
 ParOldGen       total 633856K, used 173448K [0x0000000080000000, 0x00000000a6b00000, 0x00000000d5580000)
  object space 633856K, 27% used [0x0000000080000000,0x000000008a9622d8,0x00000000a6b00000)
 Metaspace       used 86192K, committed 87936K, reserved 1179648K
  class space    used 8842K, committed 9600K, reserved 1048576K
}
Event: 1393.228 GC heap after
{Heap after GC invocations=2367 (full 5):
 PSYoungGen      total 3072K, used 320K [0x00000000d5580000, 0x00000000d5a80000, 0x0000000100000000)
  eden space 2560K, 0% used [0x00000000d5580000,0x00000000d5580000,0x00000000d5800000)
  from space 512K, 62% used [0x00000000d5a00000,0x00000000d5a50000,0x00000000d5a80000)
  to   space 1024K, 0% used [0x00000000d5880000,0x00000000d5880000,0x00000000d5980000)
 ParOldGen       total 633856K, used 174272K [0x0000000080000000, 0x00000000a6b00000, 0x00000000d5580000)
  object space 633856K, 27% used [0x0000000080000000,0x000000008aa302d8,0x00000000a6b00000)
 Metaspace       used 86192K, committed 87936K, reserved 1179648K
  class space    used 8842K, committed 9600K, reserved 1048576K
}
Event: 1393.268 GC heap before
{Heap before GC invocations=2368 (full 5):
 PSYoungGen      total 3072K, used 2879K [0x00000000d5580000, 0x00000000d5a80000, 0x0000000100000000)
  eden space 2560K, 99% used [0x00000000d5580000,0x00000000d57fffe8,0x00000000d5800000)
  from space 512K, 62% used [0x00000000d5a00000,0x00000000d5a50000,0x00000000d5a80000)
  to   space 1024K, 0% used [0x00000000d5880000,0x00000000d5880000,0x00000000d5980000)
 ParOldGen       total 633856K, used 174272K [0x0000000080000000, 0x00000000a6b00000, 0x00000000d5580000)
  object space 633856K, 27% used [0x0000000080000000,0x000000008aa302d8,0x00000000a6b00000)
 Metaspace       used 86193K, committed 87936K, reserved 1179648K
  class space    used 8842K, committed 9600K, reserved 1048576K
}
Event: 1393.270 GC heap after
{Heap after GC invocations=2368 (full 5):
 PSYoungGen      total 3584K, used 352K [0x00000000d5580000, 0x00000000d5a80000, 0x0000000100000000)
  eden space 2560K, 0% used [0x00000000d5580000,0x00000000d5580000,0x00000000d5800000)
  from space 1024K, 34% used [0x00000000d5880000,0x00000000d58d8000,0x00000000d5980000)
  to   space 512K, 0% used [0x00000000d5a00000,0x00000000d5a00000,0x00000000d5a80000)
 ParOldGen       total 633856K, used 174328K [0x0000000080000000, 0x00000000a6b00000, 0x00000000d5580000)
  object space 633856K, 27% used [0x0000000080000000,0x000000008aa3e2d8,0x00000000a6b00000)
 Metaspace       used 86193K, committed 87936K, reserved 1179648K
  class space    used 8842K, committed 9600K, reserved 1048576K
}
Event: 1394.053 GC heap before
{Heap before GC invocations=2369 (full 5):
 PSYoungGen      total 3584K, used 2912K [0x00000000d5580000, 0x00000000d5a80000, 0x0000000100000000)
  eden space 2560K, 100% used [0x00000000d5580000,0x00000000d5800000,0x00000000d5800000)
  from space 1024K, 34% used [0x00000000d5880000,0x00000000d58d8000,0x00000000d5980000)
  to   space 512K, 0% used [0x00000000d5a00000,0x00000000d5a00000,0x00000000d5a80000)
 ParOldGen       total 633856K, used 174328K [0x0000000080000000, 0x00000000a6b00000, 0x00000000d5580000)
  object space 633856K, 27% used [0x0000000080000000,0x000000008aa3e2d8,0x00000000a6b00000)
 Metaspace       used 86193K, committed 87936K, reserved 1179648K
  class space    used 8842K, committed 9600K, reserved 1048576K
}
Event: 1394.054 GC heap after
{Heap after GC invocations=2369 (full 5):
 PSYoungGen      total 3072K, used 128K [0x00000000d5580000, 0x00000000d5a80000, 0x0000000100000000)
  eden space 2560K, 0% used [0x00000000d5580000,0x00000000d5580000,0x00000000d5800000)
  from space 512K, 25% used [0x00000000d5a00000,0x00000000d5a20000,0x00000000d5a80000)
  to   space 512K, 0% used [0x00000000d5980000,0x00000000d5980000,0x00000000d5a00000)
 ParOldGen       total 633856K, used 174352K [0x0000000080000000, 0x00000000a6b00000, 0x00000000d5580000)
  object space 633856K, 27% used [0x0000000080000000,0x000000008aa442d8,0x00000000a6b00000)
 Metaspace       used 86193K, committed 87936K, reserved 1179648K
  class space    used 8842K, committed 9600K, reserved 1048576K
}

